<?xml version="1.0" encoding="UTF-8"?>
<testng-results ignored="0" total="1" passed="1" failed="0" skipped="0">
  <reporter-output>
  </reporter-output>
  <suite started-at="2021-03-15T09:01:27 IST" name="Default suite" finished-at="2021-03-15T09:01:39 IST" duration-ms="12583">
    <groups>
    </groups>
    <test started-at="2021-03-15T09:01:27 IST" name="Default test" finished-at="2021-03-15T09:01:39 IST" duration-ms="12583">
      <class name="mar15th.RightClick">
        <test-method is-config="true" signature="setUp()[pri:0, instance:mar15th.RightClick@68267da0]" started-at="2021-03-15T09:01:27 IST" name="setUp" finished-at="2021-03-15T09:01:32 IST" duration-ms="5803" status="PASS">
          <reporter-output>
          </reporter-output>
        </test-method> <!-- setUp -->
        <test-method signature="rightClickTest()[pri:0, instance:mar15th.RightClick@68267da0]" started-at="2021-03-15T09:01:32 IST" name="rightClickTest" finished-at="2021-03-15T09:01:38 IST" duration-ms="5585" status="PASS">
          <reporter-output>
          </reporter-output>
        </test-method> <!-- rightClickTest -->
        <test-method is-config="true" signature="teardown()[pri:0, instance:mar15th.RightClick@68267da0]" started-at="2021-03-15T09:01:38 IST" name="teardown" finished-at="2021-03-15T09:01:39 IST" duration-ms="1149" status="PASS">
          <reporter-output>
          </reporter-output>
        </test-method> <!-- teardown -->
      </class> <!-- mar15th.RightClick -->
    </test> <!-- Default test -->
  </suite> <!-- Default suite -->
</testng-results>
